<?xml version="1.0" encoding="UTF-8"?>
<!-- Generated by org.testng.reporters.JUnitXMLReporter -->
<testsuite hostname="DESKTOP-THCG2LF" ignored="0" name="verify page title" tests="1" failures="1" timestamp="2020-09-30T17:09:54 IST" time="28.093" errors="0">
  <testcase name="verifyFeatureText" time="9.923" classname="sampleTest.VerifyPageTitle">
    <failure type="java.lang.AssertionError" message="expected [FEATURED COUR777SES] but found [FEATURED COURSES]">
      <![CDATA[java.lang.AssertionError: expected [FEATURED COUR777SES] but found [FEATURED COURSES]
at sampleTest.VerifyPageTitle.verifyFeatureText(VerifyPageTitle.java:27)
at java.util.ArrayList.forEach(Unknown Source)
at java.util.concurrent.FutureTask.run(Unknown Source)
at java.util.concurrent.ThreadPoolExecutor.runWorker(Unknown Source)
at java.util.concurrent.ThreadPoolExecutor$Worker.run(Unknown Source)
at java.lang.Thread.run(Unknown Source)
... Removed 24 stack frames]]>
    </failure>
  </testcase> <!-- verifyFeatureText -->
</testsuite> <!-- verify page title -->
