<?xml version="1.0" encoding="UTF-8"?>
<testsuite xmlns:xsi="http://www.w3.org/2001/XMLSchema-instance" xsi:noNamespaceSchemaLocation="https://maven.apache.org/surefire/maven-surefire-plugin/xsd/surefire-test-report-3.0.xsd" version="3.0" name="TestSuite" time="32.79" tests="4" errors="0" skipped="0" failures="0">
  <properties>
[...]
</properties>
  <testcase name="verifyNavigationBar1" classname="sampleTest.VerifyNavigationBar" time="8.771">
    <system-err><![CDATA[Starting ChromeDriver 85.0.4183.83 (94abc2237ae0c9a4cb5f035431c8adfb94324633-refs/branch-heads/418S3t@a{r#t1i6n5g8 }C)h roonm epDroirvter  48255.60.7418
3.O83n l(y94 albco2c2a3l7a ec0ocn9an4eccbt5fi0o3n5s43 1c8aardef ba9l4l324o6w3e3-dr.ef
s/Pblreaansche- hseades/4e1 83h@{t#1t65p8}s) :on/ p/ocrth 4r17o6m5e
Odnlry ilovcal ecorn.necchtiroonsm aireu mall.owoedr.g
/Plseeacseu rseiet yht-tcpso:n/s/cidhreomreadrtivieor.ncshr ofmioumr. osrgu/gsgeecsutriitoyn-sc oonns ikdeeerpaitnigo nCsh rfoomre Dsruigvegerst siaonfs eo.n k
eeping ChromeDriver safe.
ChromeDriver was started successfully.
ChromeDriver was started successfully.
Starting ChromeDriver 85.0.4183.83 (94abc2237ae0c9a4cb5f035431c8adfb94324633-refs/branch-heads/4183@{#1658}) on port 35786
Only local connections are allowed.
Please see https://chromedriver.chromium.org/security-considerations for suggestions on keeping ChromeDriver safe.
ChromeDriver was started successfully.
Sep 30, 2020 5:17:08 PM org.openqa.selenium.remote.ProtocolHandshake createSession
INFO: Detected dialect: W3C
Sep 30, 2020 5:17:08 PM org.openqa.selenium.remote.ProtocolHandshake createSession
INFO: Detected dialect: W3C
Sep 30, 2020 5:17:09 PM org.openqa.selenium.remote.ProtocolHandshake createSession
INFO: Detected dialect: W3C
]]></system-err>
  </testcase>
  <testcase name="verifyFeatureText" classname="sampleTest.VerifyPageTitle" time="10.16"/>
  <testcase name="validateUsers[restrictedUser@qw.com, 45523523](1)" classname="sampleTest.HomepageTest" time="11.992"/>
  <testcase name="validateUsers[nonRestrictedUser@qw.com, 23412412](2)" classname="sampleTest.HomepageTest" time="3.899"/>
</testsuite>